<?xml version="1.0" encoding="UTF-8"?>
<coverage generated="1572442854035" clover="3.2.0">
  <project timestamp="1572442854036" name="All files">
    <metrics statements="65" coveredstatements="46" conditionals="58" coveredconditionals="31" methods="31" coveredmethods="20" elements="154" coveredelements="97" complexity="0" loc="65" ncloc="65" packages="1" files="5" classes="5"/>
    <file name="Formulate.js" path="/Users/justinschroeder/Projects/vue-formulate/src/Formulate.js">
      <metrics statements="21" coveredstatements="19" conditionals="14" coveredconditionals="12" methods="5" coveredmethods="5"/>
      <line num="18" count="3" type="stmt"/>
      <line num="36" count="3" type="stmt"/>
      <line num="37" count="3" type="cond" truecount="2" falsecount="0"/>
      <line num="38" count="3" type="stmt"/>
      <line num="39" count="21" type="stmt"/>
      <line num="41" count="3" type="stmt"/>
      <line num="50" count="6" type="stmt"/>
      <line num="51" count="6" type="stmt"/>
      <line num="52" count="13" type="cond" truecount="2" falsecount="0"/>
      <line num="53" count="4" type="cond" truecount="4" falsecount="0"/>
      <line num="57" count="9" type="stmt"/>
      <line num="60" count="6" type="stmt"/>
      <line num="61" count="6" type="cond" truecount="2" falsecount="0"/>
      <line num="62" count="2" type="stmt"/>
      <line num="65" count="6" type="stmt"/>
      <line num="73" count="49" type="cond" truecount="1" falsecount="1"/>
      <line num="74" count="49" type="stmt"/>
      <line num="76" count="0" type="stmt"/>
      <line num="84" count="40" type="cond" truecount="1" falsecount="1"/>
      <line num="85" count="40" type="stmt"/>
      <line num="87" count="0" type="stmt"/>
    </file>
    <file name="FormulateForm.vue" path="/Users/justinschroeder/Projects/vue-formulate/src/FormulateForm.vue">
      <metrics statements="17" coveredstatements="2" conditionals="20" coveredconditionals="0" methods="10" coveredmethods="0"/>
      <line num="2" count="3" type="stmt"/>
      <line num="4" count="3" type="stmt"/>
      <line num="6" count="0" type="stmt"/>
      <line num="23" count="0" type="stmt"/>
      <line num="27" count="0" type="stmt"/>
      <line num="34" count="0" type="stmt"/>
      <line num="37" count="0" type="stmt"/>
      <line num="41" count="0" type="cond" truecount="0" falsecount="2"/>
      <line num="44" count="0" type="cond" truecount="0" falsecount="4"/>
      <line num="53" count="0" type="cond" truecount="0" falsecount="5"/>
      <line num="57" count="0" type="stmt"/>
      <line num="58" count="0" type="cond" truecount="0" falsecount="4"/>
      <line num="63" count="0" type="stmt"/>
      <line num="73" count="0" type="stmt"/>
      <line num="76" count="0" type="stmt"/>
      <line num="77" count="0" type="cond" truecount="0" falsecount="5"/>
      <line num="80" count="0" type="stmt"/>
    </file>
    <file name="FormulateInput.vue" path="/Users/justinschroeder/Projects/vue-formulate/src/FormulateInput.vue">
      <metrics statements="18" coveredstatements="17" conditionals="20" coveredconditionals="17" methods="8" coveredmethods="8"/>
      <line num="2" count="3" type="stmt"/>
      <line num="3" count="3" type="stmt"/>
      <line num="4" count="3" type="stmt"/>
      <line num="6" count="3" type="stmt"/>
      <line num="64" count="47" type="stmt"/>
      <line num="73" count="49" type="stmt"/>
      <line num="74" count="49" type="cond" truecount="4" falsecount="0"/>
      <line num="77" count="49" type="cond" truecount="2" falsecount="0"/>
      <line num="83" count="10" type="stmt"/>
      <line num="88" count="10" type="cond" truecount="4" falsecount="0"/>
      <line num="89" count="1" type="stmt"/>
      <line num="93" count="9" type="cond" truecount="3" falsecount="1"/>
      <line num="94" count="9" type="stmt"/>
      <line num="99" count="47" type="cond" truecount="2" falsecount="2"/>
      <line num="100" count="0" type="stmt"/>
      <line num="102" count="47" type="stmt"/>
      <line num="106" count="57" type="cond" truecount="2" falsecount="0"/>
      <line num="107" count="18" type="stmt"/>
    </file>
    <file name="FormulateInputGroup.vue" path="/Users/justinschroeder/Projects/vue-formulate/src/FormulateInputGroup.vue">
      <metrics statements="5" coveredstatements="5" conditionals="2" coveredconditionals="1" methods="4" coveredmethods="4"/>
      <line num="2" count="3" type="stmt"/>
      <line num="12" count="9" type="cond" truecount="1" falsecount="1"/>
      <line num="15" count="9" type="stmt"/>
      <line num="16" count="21" type="stmt"/>
      <line num="21" count="21" type="stmt"/>
    </file>
    <file name="FormulateInputMixin.js" path="/Users/justinschroeder/Projects/vue-formulate/src/FormulateInputMixin.js">
      <metrics statements="4" coveredstatements="3" conditionals="2" coveredconditionals="1" methods="4" coveredmethods="3"/>
      <line num="13" count="41" type="stmt"/>
      <line num="16" count="18" type="stmt"/>
      <line num="19" count="41" type="cond" truecount="1" falsecount="1"/>
      <line num="22" count="0" type="stmt"/>
    </file>
  </project>
</coverage>
