{"/Users/justinschroeder/Projects/vue-formulate/src/Formulate.js": {"path":"/Users/justinschroeder/Projects/vue-formulate/src/Formulate.js","statementMap":{"0":{"start":{"line":18,"column":4},"end":{"line":29,"column":5}},"1":{"start":{"line":36,"column":4},"end":{"line":36,"column":35}},"2":{"start":{"line":37,"column":4},"end":{"line":37,"column":60}},"3":{"start":{"line":38,"column":4},"end":{"line":40,"column":5}},"4":{"start":{"line":39,"column":6},"end":{"line":39,"column":74}},"5":{"start":{"line":41,"column":4},"end":{"line":41,"column":23}},"6":{"start":{"line":50,"column":17},"end":{"line":50,"column":19}},"7":{"start":{"line":51,"column":4},"end":{"line":59,"column":5}},"8":{"start":{"line":52,"column":6},"end":{"line":58,"column":7}},"9":{"start":{"line":53,"column":8},"end":{"line":55,"column":27}},"10":{"start":{"line":57,"column":8},"end":{"line":57,"column":31}},"11":{"start":{"line":60,"column":4},"end":{"line":64,"column":5}},"12":{"start":{"line":61,"column":6},"end":{"line":63,"column":7}},"13":{"start":{"line":62,"column":8},"end":{"line":62,"column":39}},"14":{"start":{"line":65,"column":4},"end":{"line":65,"column":17}},"15":{"start":{"line":73,"column":4},"end":{"line":75,"column":5}},"16":{"start":{"line":74,"column":6},"end":{"line":74,"column":54}},"17":{"start":{"line":76,"column":4},"end":{"line":76,"column":20}},"18":{"start":{"line":84,"column":4},"end":{"line":86,"column":5}},"19":{"start":{"line":85,"column":6},"end":{"line":85,"column":49}},"20":{"start":{"line":87,"column":4},"end":{"line":87,"column":16}}},"fnMap":{"0":{"name":"(anonymous_0)","decl":{"start":{"line":17,"column":2},"end":{"line":17,"column":3}},"loc":{"start":{"line":17,"column":17},"end":{"line":30,"column":3}},"line":17},"1":{"name":"(anonymous_1)","decl":{"start":{"line":35,"column":2},"end":{"line":35,"column":3}},"loc":{"start":{"line":35,"column":25},"end":{"line":42,"column":3}},"line":35},"2":{"name":"(anonymous_2)","decl":{"start":{"line":49,"column":2},"end":{"line":49,"column":3}},"loc":{"start":{"line":49,"column":28},"end":{"line":66,"column":3}},"line":49},"3":{"name":"(anonymous_3)","decl":{"start":{"line":72,"column":2},"end":{"line":72,"column":3}},"loc":{"start":{"line":72,"column":18},"end":{"line":77,"column":3}},"line":72},"4":{"name":"(anonymous_4)","decl":{"start":{"line":83,"column":2},"end":{"line":83,"column":3}},"loc":{"start":{"line":83,"column":19},"end":{"line":88,"column":3}},"line":83}},"branchMap":{"0":{"loc":{"start":{"line":37,"column":46},"end":{"line":37,"column":59}},"type":"binary-expr","locations":[{"start":{"line":37,"column":46},"end":{"line":37,"column":53}},{"start":{"line":37,"column":57},"end":{"line":37,"column":59}}],"line":37},"1":{"loc":{"start":{"line":52,"column":6},"end":{"line":58,"column":7}},"type":"if","locations":[{"start":{"line":52,"column":6},"end":{"line":58,"column":7}},{"start":{"line":52,"column":6},"end":{"line":58,"column":7}}],"line":52},"2":{"loc":{"start":{"line":53,"column":22},"end":{"line":55,"column":27}},"type":"cond-expr","locations":[{"start":{"line":54,"column":12},"end":{"line":54,"column":51}},{"start":{"line":55,"column":12},"end":{"line":55,"column":27}}],"line":53},"3":{"loc":{"start":{"line":53,"column":22},"end":{"line":53,"column":80}},"type":"binary-expr","locations":[{"start":{"line":53,"column":22},"end":{"line":53,"column":52}},{"start":{"line":53,"column":56},"end":{"line":53,"column":80}}],"line":53},"4":{"loc":{"start":{"line":61,"column":6},"end":{"line":63,"column":7}},"type":"if","locations":[{"start":{"line":61,"column":6},"end":{"line":63,"column":7}},{"start":{"line":61,"column":6},"end":{"line":63,"column":7}}],"line":61},"5":{"loc":{"start":{"line":73,"column":4},"end":{"line":75,"column":5}},"type":"if","locations":[{"start":{"line":73,"column":4},"end":{"line":75,"column":5}},{"start":{"line":73,"column":4},"end":{"line":75,"column":5}}],"line":73},"6":{"loc":{"start":{"line":84,"column":4},"end":{"line":86,"column":5}},"type":"if","locations":[{"start":{"line":84,"column":4},"end":{"line":86,"column":5}},{"start":{"line":84,"column":4},"end":{"line":86,"column":5}}],"line":84}},"s":{"0":3,"1":3,"2":3,"3":3,"4":21,"5":3,"6":6,"7":6,"8":13,"9":4,"10":9,"11":6,"12":6,"13":2,"14":6,"15":49,"16":49,"17":0,"18":40,"19":40,"20":0},"f":{"0":3,"1":3,"2":6,"3":49,"4":40},"b":{"0":[3,2],"1":[4,9],"2":[1,3],"3":[4,1],"4":[2,4],"5":[49,0],"6":[40,0]},"_coverageSchema":"43e27e138ebf9cfc5966b082cf9a028302ed4184","hash":"67783660f97ce5ef952ab86232c4819d56db958a"}
,"/Users/justinschroeder/Projects/vue-formulate/src/FormulateForm.vue": {"path":"/Users/justinschroeder/Projects/vue-formulate/src/FormulateForm.vue","statementMap":{"0":{"start":{"line":2,"column":0},"end":{"line":2,"column":null}},"1":{"start":{"line":4,"column":15},"end":{"line":4,"column":null}},"2":{"start":{"line":6,"column":4},"end":{"line":6,"column":11}},"3":{"start":{"line":23,"column":22},"end":{"line":23,"column":null}},"4":{"start":{"line":27,"column":4},"end":{"line":27,"column":11}},"5":{"start":{"line":34,"column":8},"end":{"line":34,"column":15}},"6":{"start":{"line":37,"column":8},"end":{"line":37,"column":13}},"7":{"start":{"line":41,"column":6},"end":{"line":41,"column":13}},"8":{"start":{"line":44,"column":6},"end":{"line":44,"column":13}},"9":{"start":{"line":53,"column":8},"end":{"line":66,"column":null}},"10":{"start":{"line":57,"column":10},"end":{"line":65,"column":null}},"11":{"start":{"line":58,"column":12},"end":{"line":64,"column":null}},"12":{"start":{"line":63,"column":14},"end":{"line":63,"column":19}},"13":{"start":{"line":73,"column":6},"end":{"line":73,"column":11}},"14":{"start":{"line":76,"column":6},"end":{"line":76,"column":11}},"15":{"start":{"line":77,"column":6},"end":{"line":81,"column":null}},"16":{"start":{"line":80,"column":8},"end":{"line":80,"column":17}}},"fnMap":{"0":{"name":"(anonymous_0)","decl":{"start":{"line":5,"column":2},"end":{"line":5,"column":9}},"loc":{"start":{"line":5,"column":13},"end":{"line":10,"column":null}}},"1":{"name":"(anonymous_1)","decl":{"start":{"line":23,"column":15},"end":{"line":23,"column":22}},"loc":{"start":{"line":23,"column":22},"end":{"line":23,"column":null}}},"2":{"name":"(anonymous_2)","decl":{"start":{"line":26,"column":2},"end":{"line":26,"column":6}},"loc":{"start":{"line":26,"column":10},"end":{"line":30,"column":null}}},"3":{"name":"(anonymous_3)","decl":{"start":{"line":33,"column":6},"end":{"line":33,"column":9}},"loc":{"start":{"line":33,"column":13},"end":{"line":35,"column":null}}},"4":{"name":"(anonymous_4)","decl":{"start":{"line":36,"column":6},"end":{"line":36,"column":9}},"loc":{"start":{"line":36,"column":18},"end":{"line":38,"column":null}}},"5":{"name":"(anonymous_5)","decl":{"start":{"line":40,"column":4},"end":{"line":40,"column":21}},"loc":{"start":{"line":40,"column":25},"end":{"line":42,"column":null}}},"6":{"name":"(anonymous_6)","decl":{"start":{"line":43,"column":4},"end":{"line":43,"column":14}},"loc":{"start":{"line":43,"column":18},"end":{"line":48,"column":null}}},"7":{"name":"(anonymous_7)","decl":{"start":{"line":52,"column":6},"end":{"line":52,"column":13}},"loc":{"start":{"line":52,"column":35},"end":{"line":67,"column":null}}},"8":{"name":"(anonymous_8)","decl":{"start":{"line":72,"column":4},"end":{"line":72,"column":17}},"loc":{"start":{"line":72,"column":33},"end":{"line":74,"column":null}}},"9":{"name":"(anonymous_9)","decl":{"start":{"line":75,"column":4},"end":{"line":75,"column":12}},"loc":{"start":{"line":75,"column":32},"end":{"line":82,"column":null}}}},"branchMap":{"0":{"loc":{"start":{"line":41,"column":13},"end":{"line":41,"column":36}},"type":"binary-expr","locations":[{"start":{"line":41,"column":13},"end":{"line":41,"column":36}},{"start":{"line":41,"column":36},"end":{"line":41,"column":null}}]},"1":{"loc":{"start":{"line":44,"column":16},"end":{"line":44,"column":21}},"type":"binary-expr","locations":[{"start":{"line":44,"column":16},"end":{"line":44,"column":21}},{"start":{"line":45,"column":8},"end":{"line":45,"column":null}},{"start":{"line":46,"column":8},"end":{"line":46,"column":13}},{"start":{"line":47,"column":8},"end":{"line":47,"column":null}}]},"2":{"loc":{"start":{"line":53,"column":8},"end":{"line":66,"column":null}},"type":"if","locations":[{"start":{"line":53,"column":8},"end":{"line":66,"column":null}},{"start":{"line":53,"column":8},"end":{"line":66,"column":null}}]},"3":{"loc":{"start":{"line":53,"column":12},"end":{"line":53,"column":null}},"type":"binary-expr","locations":[{"start":{"line":53,"column":12},"end":{"line":53,"column":null}},{"start":{"line":54,"column":10},"end":{"line":54,"column":null}},{"start":{"line":55,"column":10},"end":{"line":55,"column":null}}]},"4":{"loc":{"start":{"line":58,"column":12},"end":{"line":64,"column":null}},"type":"if","locations":[{"start":{"line":58,"column":12},"end":{"line":64,"column":null}},{"start":{"line":58,"column":12},"end":{"line":64,"column":null}}]},"5":{"loc":{"start":{"line":58,"column":16},"end":{"line":58,"column":21}},"type":"binary-expr","locations":[{"start":{"line":58,"column":16},"end":{"line":58,"column":21}},{"start":{"line":58,"column":55},"end":{"line":58,"column":76}}]},"6":{"loc":{"start":{"line":77,"column":6},"end":{"line":81,"column":null}},"type":"if","locations":[{"start":{"line":77,"column":6},"end":{"line":81,"column":null}},{"start":{"line":77,"column":6},"end":{"line":81,"column":null}}]},"7":{"loc":{"start":{"line":77,"column":10},"end":{"line":77,"column":20}},"type":"binary-expr","locations":[{"start":{"line":77,"column":10},"end":{"line":77,"column":20}},{"start":{"line":77,"column":76},"end":{"line":77,"column":102}},{"start":{"line":77,"column":102},"end":{"line":77,"column":107}}]}},"s":{"0":3,"1":3,"2":0,"3":0,"4":0,"5":0,"6":0,"7":0,"8":0,"9":0,"10":0,"11":0,"12":0,"13":0,"14":0,"15":0,"16":0},"f":{"0":0,"1":0,"2":0,"3":0,"4":0,"5":0,"6":0,"7":0,"8":0,"9":0},"b":{"0":[0,0],"1":[0,0,0,0],"2":[0,0],"3":[0,0,0],"4":[0,0],"5":[0,0],"6":[0,0],"7":[0,0,0]}}
,"/Users/justinschroeder/Projects/vue-formulate/src/FormulateInput.vue": {"path":"/Users/justinschroeder/Projects/vue-formulate/src/FormulateInput.vue","statementMap":{"0":{"start":{"line":2,"column":0},"end":{"line":2,"column":null}},"1":{"start":{"line":3,"column":0},"end":{"line":3,"column":null}},"2":{"start":{"line":4,"column":0},"end":{"line":4,"column":null}},"3":{"start":{"line":6,"column":15},"end":{"line":6,"column":null}},"4":{"start":{"line":64,"column":4},"end":{"line":64,"column":11}},"5":{"start":{"line":73,"column":29},"end":{"line":73,"column":34}},"6":{"start":{"line":74,"column":6},"end":{"line":74,"column":13}},"7":{"start":{"line":77,"column":6},"end":{"line":77,"column":13}},"8":{"start":{"line":83,"column":8},"end":{"line":83,"column":13}},"9":{"start":{"line":88,"column":6},"end":{"line":90,"column":null}},"10":{"start":{"line":89,"column":8},"end":{"line":89,"column":13}},"11":{"start":{"line":93,"column":6},"end":{"line":95,"column":null}},"12":{"start":{"line":94,"column":8},"end":{"line":94,"column":13}},"13":{"start":{"line":99,"column":4},"end":{"line":101,"column":null}},"14":{"start":{"line":100,"column":6},"end":{"line":100,"column":11}},"15":{"start":{"line":102,"column":4},"end":{"line":102,"column":9}},"16":{"start":{"line":106,"column":6},"end":{"line":108,"column":null}},"17":{"start":{"line":107,"column":8},"end":{"line":107,"column":13}}},"fnMap":{"0":{"name":"(anonymous_1)","decl":{"start":{"line":63,"column":2},"end":{"line":63,"column":6}},"loc":{"start":{"line":63,"column":10},"end":{"line":69,"column":null}}},"1":{"name":"(anonymous_2)","decl":{"start":{"line":72,"column":4},"end":{"line":72,"column":18}},"loc":{"start":{"line":72,"column":22},"end":{"line":75,"column":null}}},"2":{"name":"(anonymous_3)","decl":{"start":{"line":76,"column":4},"end":{"line":76,"column":13}},"loc":{"start":{"line":76,"column":17},"end":{"line":78,"column":null}}},"3":{"name":"(anonymous_4)","decl":{"start":{"line":82,"column":6},"end":{"line":82,"column":13}},"loc":{"start":{"line":82,"column":22},"end":{"line":84,"column":null}}},"4":{"name":"(anonymous_5)","decl":{"start":{"line":87,"column":4},"end":{"line":87,"column":22}},"loc":{"start":{"line":87,"column":44},"end":{"line":91,"column":null}}},"5":{"name":"(anonymous_6)","decl":{"start":{"line":92,"column":4},"end":{"line":92,"column":18}},"loc":{"start":{"line":92,"column":40},"end":{"line":96,"column":null}}},"6":{"name":"(anonymous_7)","decl":{"start":{"line":98,"column":2},"end":{"line":98,"column":9}},"loc":{"start":{"line":98,"column":13},"end":{"line":103,"column":null}}},"7":{"name":"(anonymous_8)","decl":{"start":{"line":105,"column":4},"end":{"line":105,"column":25}},"loc":{"start":{"line":105,"column":34},"end":{"line":109,"column":null}}}},"branchMap":{"0":{"loc":{"start":{"line":74,"column":58},"end":{"line":74,"column":68}},"type":"cond-expr","locations":[{"start":{"line":74,"column":58},"end":{"line":74,"column":68}},{"start":{"line":74,"column":68},"end":{"line":74,"column":null}}]},"1":{"loc":{"start":{"line":74,"column":14},"end":{"line":74,"column":42}},"type":"binary-expr","locations":[{"start":{"line":74,"column":14},"end":{"line":74,"column":42}},{"start":{"line":74,"column":42},"end":{"line":74,"column":58}}]},"2":{"loc":{"start":{"line":77,"column":49},"end":{"line":77,"column":73}},"type":"cond-expr","locations":[{"start":{"line":77,"column":49},"end":{"line":77,"column":73}},{"start":{"line":77,"column":73},"end":{"line":77,"column":78}}]},"3":{"loc":{"start":{"line":88,"column":6},"end":{"line":90,"column":null}},"type":"if","locations":[{"start":{"line":88,"column":6},"end":{"line":90,"column":null}},{"start":{"line":88,"column":6},"end":{"line":90,"column":null}}]},"4":{"loc":{"start":{"line":88,"column":10},"end":{"line":88,"column":30}},"type":"binary-expr","locations":[{"start":{"line":88,"column":10},"end":{"line":88,"column":30}},{"start":{"line":88,"column":30},"end":{"line":88,"column":51}}]},"5":{"loc":{"start":{"line":93,"column":6},"end":{"line":95,"column":null}},"type":"if","locations":[{"start":{"line":93,"column":6},"end":{"line":95,"column":null}},{"start":{"line":93,"column":6},"end":{"line":95,"column":null}}]},"6":{"loc":{"start":{"line":93,"column":10},"end":{"line":93,"column":29}},"type":"binary-expr","locations":[{"start":{"line":93,"column":10},"end":{"line":93,"column":29}},{"start":{"line":93,"column":29},"end":{"line":93,"column":50}}]},"7":{"loc":{"start":{"line":99,"column":4},"end":{"line":101,"column":null}},"type":"if","locations":[{"start":{"line":99,"column":4},"end":{"line":101,"column":null}},{"start":{"line":99,"column":4},"end":{"line":101,"column":null}}]},"8":{"loc":{"start":{"line":99,"column":8},"end":{"line":99,"column":38}},"type":"binary-expr","locations":[{"start":{"line":99,"column":8},"end":{"line":99,"column":38}},{"start":{"line":99,"column":38},"end":{"line":99,"column":88}}]},"9":{"loc":{"start":{"line":106,"column":6},"end":{"line":108,"column":null}},"type":"if","locations":[{"start":{"line":106,"column":6},"end":{"line":108,"column":null}},{"start":{"line":106,"column":6},"end":{"line":108,"column":null}}]}},"s":{"0":3,"1":3,"2":3,"3":3,"4":47,"5":49,"6":49,"7":49,"8":10,"9":10,"10":1,"11":9,"12":9,"13":47,"14":0,"15":47,"16":57,"17":18},"f":{"0":47,"1":49,"2":49,"3":10,"4":10,"5":9,"6":47,"7":57},"b":{"0":[9,40],"1":[49,27],"2":[9,40],"3":[1,9],"4":[10,1],"5":[9,0],"6":[9,9],"7":[0,47],"8":[47,0],"9":[18,39]}}
,"/Users/justinschroeder/Projects/vue-formulate/src/FormulateInputGroup.vue": {"path":"/Users/justinschroeder/Projects/vue-formulate/src/FormulateInputGroup.vue","statementMap":{"0":{"start":{"line":2,"column":15},"end":{"line":2,"column":null}},"1":{"start":{"line":12,"column":6},"end":{"line":12,"column":13}},"2":{"start":{"line":15,"column":81},"end":{"line":15,"column":null}},"3":{"start":{"line":16,"column":6},"end":{"line":16,"column":13}},"4":{"start":{"line":16,"column":40},"end":{"line":16,"column":45}},"5":{"start":{"line":21,"column":6},"end":{"line":21,"column":13}}},"fnMap":{"0":{"name":"(anonymous_0)","decl":{"start":{"line":11,"column":4},"end":{"line":11,"column":11}},"loc":{"start":{"line":11,"column":15},"end":{"line":13,"column":null}}},"1":{"name":"(anonymous_1)","decl":{"start":{"line":14,"column":4},"end":{"line":14,"column":22}},"loc":{"start":{"line":14,"column":26},"end":{"line":17,"column":null}}},"2":{"name":"(anonymous_2)","decl":{"start":{"line":16,"column":30},"end":{"line":16,"column":36}},"loc":{"start":{"line":16,"column":40},"end":{"line":16,"column":45}}},"3":{"name":"(anonymous_3)","decl":{"start":{"line":20,"column":4},"end":{"line":20,"column":20}},"loc":{"start":{"line":20,"column":31},"end":{"line":24,"column":null}}}},"branchMap":{"0":{"loc":{"start":{"line":12,"column":13},"end":{"line":12,"column":37}},"type":"binary-expr","locations":[{"start":{"line":12,"column":13},"end":{"line":12,"column":37}},{"start":{"line":12,"column":37},"end":{"line":12,"column":null}}]}},"s":{"0":3,"1":9,"2":9,"3":9,"4":21,"5":21},"f":{"0":9,"1":9,"2":21,"3":21},"b":{"0":[9,0]}}
,"/Users/justinschroeder/Projects/vue-formulate/src/FormulateInputMixin.js": {"path":"/Users/justinschroeder/Projects/vue-formulate/src/FormulateInputMixin.js","statementMap":{"0":{"start":{"line":13,"column":6},"end":{"line":13,"column":30}},"1":{"start":{"line":16,"column":6},"end":{"line":16,"column":28}},"2":{"start":{"line":19,"column":6},"end":{"line":19,"column":42}},"3":{"start":{"line":22,"column":6},"end":{"line":22,"column":33}}},"fnMap":{"0":{"name":"(anonymous_0)","decl":{"start":{"line":12,"column":4},"end":{"line":12,"column":5}},"loc":{"start":{"line":12,"column":12},"end":{"line":14,"column":5}},"line":12},"1":{"name":"(anonymous_1)","decl":{"start":{"line":15,"column":4},"end":{"line":15,"column":5}},"loc":{"start":{"line":15,"column":10},"end":{"line":17,"column":5}},"line":15},"2":{"name":"(anonymous_2)","decl":{"start":{"line":18,"column":4},"end":{"line":18,"column":5}},"loc":{"start":{"line":18,"column":18},"end":{"line":20,"column":5}},"line":18},"3":{"name":"(anonymous_3)","decl":{"start":{"line":21,"column":4},"end":{"line":21,"column":5}},"loc":{"start":{"line":21,"column":16},"end":{"line":23,"column":5}},"line":21}},"branchMap":{"0":{"loc":{"start":{"line":19,"column":13},"end":{"line":19,"column":42}},"type":"binary-expr","locations":[{"start":{"line":19,"column":13},"end":{"line":19,"column":36}},{"start":{"line":19,"column":40},"end":{"line":19,"column":42}}],"line":19}},"s":{"0":41,"1":18,"2":41,"3":0},"f":{"0":41,"1":18,"2":41,"3":0},"b":{"0":[41,0]},"_coverageSchema":"43e27e138ebf9cfc5966b082cf9a028302ed4184","hash":"4efdf72909548f506c39198c3cee17ae3d4703f5"}
}
