TN:
SF:/Users/justinschroeder/Projects/vue-formulate/src/Formulate.js
FN:17,(anonymous_0)
FN:35,(anonymous_1)
FN:49,(anonymous_2)
FN:72,(anonymous_3)
FN:83,(anonymous_4)
FNF:5
FNH:5
FNDA:3,(anonymous_0)
FNDA:3,(anonymous_1)
FNDA:6,(anonymous_2)
FNDA:49,(anonymous_3)
FNDA:40,(anonymous_4)
DA:18,3
DA:36,3
DA:37,3
DA:38,3
DA:39,21
DA:41,3
DA:50,6
DA:51,6
DA:52,13
DA:53,4
DA:57,9
DA:60,6
DA:61,6
DA:62,2
DA:65,6
DA:73,49
DA:74,49
DA:76,0
DA:84,40
DA:85,40
DA:87,0
LF:21
LH:19
BRDA:37,0,0,3
BRDA:37,0,1,2
BRDA:52,1,0,4
BRDA:52,1,1,9
BRDA:53,2,0,1
BRDA:53,2,1,3
BRDA:53,3,0,4
BRDA:53,3,1,1
BRDA:61,4,0,2
BRDA:61,4,1,4
BRDA:73,5,0,49
BRDA:73,5,1,0
BRDA:84,6,0,40
BRDA:84,6,1,0
BRF:14
BRH:12
end_of_record
TN:
SF:/Users/justinschroeder/Projects/vue-formulate/src/FormulateForm.vue
FN:5,(anonymous_0)
FN:23,(anonymous_1)
FN:26,(anonymous_2)
FN:33,(anonymous_3)
FN:36,(anonymous_4)
FN:40,(anonymous_5)
FN:43,(anonymous_6)
FN:52,(anonymous_7)
FN:72,(anonymous_8)
FN:75,(anonymous_9)
FNF:10
FNH:0
FNDA:0,(anonymous_0)
FNDA:0,(anonymous_1)
FNDA:0,(anonymous_2)
FNDA:0,(anonymous_3)
FNDA:0,(anonymous_4)
FNDA:0,(anonymous_5)
FNDA:0,(anonymous_6)
FNDA:0,(anonymous_7)
FNDA:0,(anonymous_8)
FNDA:0,(anonymous_9)
DA:2,3
DA:4,3
DA:6,0
DA:23,0
DA:27,0
DA:34,0
DA:37,0
DA:41,0
DA:44,0
DA:53,0
DA:57,0
DA:58,0
DA:63,0
DA:73,0
DA:76,0
DA:77,0
DA:80,0
LF:17
LH:2
BRDA:41,0,0,0
BRDA:41,0,1,0
BRDA:44,1,0,0
BRDA:44,1,1,0
BRDA:44,1,2,0
BRDA:44,1,3,0
BRDA:53,2,0,0
BRDA:53,2,1,0
BRDA:53,3,0,0
BRDA:53,3,1,0
BRDA:53,3,2,0
BRDA:58,4,0,0
BRDA:58,4,1,0
BRDA:58,5,0,0
BRDA:58,5,1,0
BRDA:77,6,0,0
BRDA:77,6,1,0
BRDA:77,7,0,0
BRDA:77,7,1,0
BRDA:77,7,2,0
BRF:20
BRH:0
end_of_record
TN:
SF:/Users/justinschroeder/Projects/vue-formulate/src/FormulateInput.vue
FN:63,(anonymous_1)
FN:72,(anonymous_2)
FN:76,(anonymous_3)
FN:82,(anonymous_4)
FN:87,(anonymous_5)
FN:92,(anonymous_6)
FN:98,(anonymous_7)
FN:105,(anonymous_8)
FNF:8
FNH:8
FNDA:47,(anonymous_1)
FNDA:49,(anonymous_2)
FNDA:49,(anonymous_3)
FNDA:10,(anonymous_4)
FNDA:10,(anonymous_5)
FNDA:9,(anonymous_6)
FNDA:47,(anonymous_7)
FNDA:57,(anonymous_8)
DA:2,3
DA:3,3
DA:4,3
DA:6,3
DA:64,47
DA:73,49
DA:74,49
DA:77,49
DA:83,10
DA:88,10
DA:89,1
DA:93,9
DA:94,9
DA:99,47
DA:100,0
DA:102,47
DA:106,57
DA:107,18
LF:18
LH:17
BRDA:74,0,0,9
BRDA:74,0,1,40
BRDA:74,1,0,49
BRDA:74,1,1,27
BRDA:77,2,0,9
BRDA:77,2,1,40
BRDA:88,3,0,1
BRDA:88,3,1,9
BRDA:88,4,0,10
BRDA:88,4,1,1
BRDA:93,5,0,9
BRDA:93,5,1,0
BRDA:93,6,0,9
BRDA:93,6,1,9
BRDA:99,7,0,0
BRDA:99,7,1,47
BRDA:99,8,0,47
BRDA:99,8,1,0
BRDA:106,9,0,18
BRDA:106,9,1,39
BRF:20
BRH:17
end_of_record
TN:
SF:/Users/justinschroeder/Projects/vue-formulate/src/FormulateInputGroup.vue
FN:11,(anonymous_0)
FN:14,(anonymous_1)
FN:16,(anonymous_2)
FN:20,(anonymous_3)
FNF:4
FNH:4
FNDA:9,(anonymous_0)
FNDA:9,(anonymous_1)
FNDA:21,(anonymous_2)
FNDA:21,(anonymous_3)
DA:2,3
DA:12,9
DA:15,9
DA:16,21
DA:21,21
LF:5
LH:5
BRDA:12,0,0,9
BRDA:12,0,1,0
BRF:2
BRH:1
end_of_record
TN:
SF:/Users/justinschroeder/Projects/vue-formulate/src/FormulateInputMixin.js
FN:12,(anonymous_0)
FN:15,(anonymous_1)
FN:18,(anonymous_2)
FN:21,(anonymous_3)
FNF:4
FNH:3
FNDA:41,(anonymous_0)
FNDA:18,(anonymous_1)
FNDA:41,(anonymous_2)
FNDA:0,(anonymous_3)
DA:13,41
DA:16,18
DA:19,41
DA:22,0
LF:4
LH:3
BRDA:19,0,0,41
BRDA:19,0,1,0
BRF:2
BRH:1
end_of_record
